<?xml version="1.0" encoding="UTF-8"?>
<!-- Generated by org.testng.reporters.JUnitReportReporter -->
</testsuite> <!-- TestCases.TC001_Lauch_Browser -->
